0 info it worked if it ends with ok
1 verbose cli [ '/usr/bin/nodejs', '/usr/bin/npm', 'install', 'node', 'stable' ]
2 info using npm@3.5.2
3 info using node@v4.2.6
4 silly loadCurrentTree Starting
5 silly install loadCurrentTree
6 silly install readLocalPackageData
7 silly fetchPackageMetaData node
8 silly fetchPackageMetaData stable
9 silly fetchNamedPackageData node
10 silly mapToRegistry name node
11 silly mapToRegistry using default registry
12 silly mapToRegistry registry https://registry.npmjs.org/
13 silly mapToRegistry uri https://registry.npmjs.org/node
14 silly fetchNamedPackageData stable
15 silly mapToRegistry name stable
16 silly mapToRegistry using default registry
17 silly mapToRegistry registry https://registry.npmjs.org/
18 silly mapToRegistry uri https://registry.npmjs.org/stable
19 verbose request uri https://registry.npmjs.org/node
20 verbose request no auth needed
21 info attempt registry request try #1 at 4:16:15 PM
22 verbose request id 978faae1569daf05
23 http request GET https://registry.npmjs.org/node
24 verbose request uri https://registry.npmjs.org/stable
25 verbose request no auth needed
26 info attempt registry request try #1 at 4:16:15 PM
27 http request GET https://registry.npmjs.org/stable
28 http 200 https://registry.npmjs.org/stable
29 verbose headers { date: 'Sun, 03 Feb 2019 14:16:16 GMT',
29 verbose headers   'content-type': 'application/json; charset=UTF-8',
29 verbose headers   'transfer-encoding': 'chunked',
29 verbose headers   connection: 'keep-alive',
29 verbose headers   'set-cookie': [ '__cfduid=d0a133197fb31e5ee8679c8a1ff2272461549203376; expires=Mon, 03-Feb-20 14:16:16 GMT; path=/; domain=.registry.npmjs.org; HttpOnly' ],
29 verbose headers   'cf-cache-status': 'HIT',
29 verbose headers   'cache-control': 'max-age=300',
29 verbose headers   'cf-ray': '4a3583aeaf48c2fb-FRA',
29 verbose headers   etag: 'W/"3cfe4569de942571eefe249fa13d01d2"',
29 verbose headers   'expect-ct': 'max-age=604800, report-uri="https://report-uri.cloudflare.com/cdn-cgi/beacon/expect-ct"',
29 verbose headers   'last-modified': 'Sun, 27 May 2018 18:08:59 GMT',
29 verbose headers   vary: 'accept-encoding, accept',
29 verbose headers   server: 'cloudflare',
29 verbose headers   'content-encoding': 'gzip' }
30 silly get cb [ 200,
30 silly get   { date: 'Sun, 03 Feb 2019 14:16:16 GMT',
30 silly get     'content-type': 'application/json; charset=UTF-8',
30 silly get     'transfer-encoding': 'chunked',
30 silly get     connection: 'keep-alive',
30 silly get     'set-cookie': [ '__cfduid=d0a133197fb31e5ee8679c8a1ff2272461549203376; expires=Mon, 03-Feb-20 14:16:16 GMT; path=/; domain=.registry.npmjs.org; HttpOnly' ],
30 silly get     'cf-cache-status': 'HIT',
30 silly get     'cache-control': 'max-age=300',
30 silly get     'cf-ray': '4a3583aeaf48c2fb-FRA',
30 silly get     etag: 'W/"3cfe4569de942571eefe249fa13d01d2"',
30 silly get     'expect-ct': 'max-age=604800, report-uri="https://report-uri.cloudflare.com/cdn-cgi/beacon/expect-ct"',
30 silly get     'last-modified': 'Sun, 27 May 2018 18:08:59 GMT',
30 silly get     vary: 'accept-encoding, accept',
30 silly get     server: 'cloudflare',
30 silly get     'content-encoding': 'gzip' } ]
31 verbose get saving stable to /home/rita/.npm/registry.npmjs.org/stable/.cache.json
32 http 200 https://registry.npmjs.org/node
33 verbose headers { date: 'Sun, 03 Feb 2019 14:16:16 GMT',
33 verbose headers   'content-type': 'application/json',
33 verbose headers   'transfer-encoding': 'chunked',
33 verbose headers   connection: 'keep-alive',
33 verbose headers   'set-cookie': [ '__cfduid=dff8a8ec35c574a42f1046342904b071a1549203376; expires=Mon, 03-Feb-20 14:16:16 GMT; path=/; domain=.registry.npmjs.org; HttpOnly' ],
33 verbose headers   'cf-cache-status': 'HIT',
33 verbose headers   'cache-control': 'max-age=300',
33 verbose headers   'cf-ray': '4a3583aea8e564b1-FRA',
33 verbose headers   etag: 'W/"bee8cc8af582a07fe4ea6e124b6a72c1"',
33 verbose headers   'expect-ct': 'max-age=604800, report-uri="https://report-uri.cloudflare.com/cdn-cgi/beacon/expect-ct"',
33 verbose headers   'last-modified': 'Fri, 01 Feb 2019 01:06:20 GMT',
33 verbose headers   vary: 'accept-encoding, accept',
33 verbose headers   'x-amz-meta-rev': '461-86b99bce4c295b22c7a835c1c297d61c',
33 verbose headers   server: 'cloudflare',
33 verbose headers   'content-encoding': 'gzip' }
34 silly get cb [ 200,
34 silly get   { date: 'Sun, 03 Feb 2019 14:16:16 GMT',
34 silly get     'content-type': 'application/json',
34 silly get     'transfer-encoding': 'chunked',
34 silly get     connection: 'keep-alive',
34 silly get     'set-cookie': [ '__cfduid=dff8a8ec35c574a42f1046342904b071a1549203376; expires=Mon, 03-Feb-20 14:16:16 GMT; path=/; domain=.registry.npmjs.org; HttpOnly' ],
34 silly get     'cf-cache-status': 'HIT',
34 silly get     'cache-control': 'max-age=300',
34 silly get     'cf-ray': '4a3583aea8e564b1-FRA',
34 silly get     etag: 'W/"bee8cc8af582a07fe4ea6e124b6a72c1"',
34 silly get     'expect-ct': 'max-age=604800, report-uri="https://report-uri.cloudflare.com/cdn-cgi/beacon/expect-ct"',
34 silly get     'last-modified': 'Fri, 01 Feb 2019 01:06:20 GMT',
34 silly get     vary: 'accept-encoding, accept',
34 silly get     'x-amz-meta-rev': '461-86b99bce4c295b22c7a835c1c297d61c',
34 silly get     server: 'cloudflare',
34 silly get     'content-encoding': 'gzip' } ]
35 verbose get saving node to /home/rita/.npm/registry.npmjs.org/node/.cache.json
36 silly install normalizeTree
37 silly loadCurrentTree Finishing
38 silly loadIdealTree Starting
39 silly install loadIdealTree
40 silly cloneCurrentTree Starting
41 silly install cloneCurrentTreeToIdealTree
42 silly cloneCurrentTree Finishing
43 silly loadShrinkwrap Starting
44 silly install loadShrinkwrap
45 silly loadShrinkwrap Finishing
46 silly loadAllDepsIntoIdealTree Starting
47 silly install loadAllDepsIntoIdealTree
48 silly resolveWithNewModule stable@0.1.8 checking installable status
49 silly cache add args [ 'stable', null ]
50 verbose cache add spec stable
51 silly resolveWithNewModule node@11.9.0 checking installable status
52 silly cache add args [ 'node', null ]
53 verbose cache add spec node
54 silly cache add parsed spec Result {
54 silly cache add   raw: 'stable',
54 silly cache add   scope: null,
54 silly cache add   name: 'stable',
54 silly cache add   rawSpec: '',
54 silly cache add   spec: 'latest',
54 silly cache add   type: 'tag' }
55 silly addNamed stable@latest
56 verbose addNamed "latest" is being treated as a dist-tag for stable
57 info addNameTag [ 'stable', 'latest' ]
58 silly mapToRegistry name stable
59 silly mapToRegistry using default registry
60 silly mapToRegistry registry https://registry.npmjs.org/
61 silly mapToRegistry uri https://registry.npmjs.org/stable
62 verbose addNameTag registry:https://registry.npmjs.org/stable not in flight; fetching
63 silly cache add parsed spec Result {
63 silly cache add   raw: 'node',
63 silly cache add   scope: null,
63 silly cache add   name: 'node',
63 silly cache add   rawSpec: '',
63 silly cache add   spec: 'latest',
63 silly cache add   type: 'tag' }
64 silly addNamed node@latest
65 verbose addNamed "latest" is being treated as a dist-tag for node
66 info addNameTag [ 'node', 'latest' ]
67 silly mapToRegistry name node
68 silly mapToRegistry using default registry
69 silly mapToRegistry registry https://registry.npmjs.org/
70 silly mapToRegistry uri https://registry.npmjs.org/node
71 verbose addNameTag registry:https://registry.npmjs.org/node not in flight; fetching
72 verbose get https://registry.npmjs.org/stable not expired, no request
73 silly addNameTag next cb for stable with tag latest
74 silly addNamed stable@0.1.8
75 verbose addNamed "0.1.8" is a plain semver version for stable
76 verbose get https://registry.npmjs.org/node not expired, no request
77 silly addNameTag next cb for node with tag latest
78 silly addNamed node@11.9.0
79 verbose addNamed "11.9.0" is a plain semver version for node
80 silly mapToRegistry name stable
81 silly mapToRegistry using default registry
82 silly mapToRegistry registry https://registry.npmjs.org/
83 silly mapToRegistry uri https://registry.npmjs.org/stable
84 verbose addRemoteTarball https://registry.npmjs.org/stable/-/stable-0.1.8.tgz not in flight; adding
85 verbose addRemoteTarball [ 'https://registry.npmjs.org/stable/-/stable-0.1.8.tgz',
85 verbose addRemoteTarball   '836eb3c8382fe2936feaf544631017ce7d47a3cf' ]
86 silly mapToRegistry name node
87 silly mapToRegistry using default registry
88 silly mapToRegistry registry https://registry.npmjs.org/
89 silly mapToRegistry uri https://registry.npmjs.org/node
90 verbose addRemoteTarball https://registry.npmjs.org/node/-/node-11.9.0.tgz not in flight; adding
91 verbose addRemoteTarball [ 'https://registry.npmjs.org/node/-/node-11.9.0.tgz',
91 verbose addRemoteTarball   '1e92e3f9626fc06838cefcc7bdee5c2506e12663' ]
92 info retry fetch attempt 1 at 4:16:16 PM
93 info attempt registry request try #1 at 4:16:16 PM
94 http fetch GET https://registry.npmjs.org/stable/-/stable-0.1.8.tgz
95 info retry fetch attempt 1 at 4:16:16 PM
96 info attempt registry request try #1 at 4:16:16 PM
97 http fetch GET https://registry.npmjs.org/node/-/node-11.9.0.tgz
98 http fetch 200 https://registry.npmjs.org/stable/-/stable-0.1.8.tgz
99 http fetch 200 https://registry.npmjs.org/node/-/node-11.9.0.tgz
100 silly fetchAndShaCheck shasum 836eb3c8382fe2936feaf544631017ce7d47a3cf
101 silly fetchAndShaCheck shasum 1e92e3f9626fc06838cefcc7bdee5c2506e12663
102 verbose addTmpTarball /tmp/npm-1575-5ac0e716/registry.npmjs.org/stable/-/stable-0.1.8.tgz not in flight; adding
103 verbose addTmpTarball already have metadata; skipping unpack for stable@0.1.8
104 verbose addTmpTarball /tmp/npm-1575-5ac0e716/registry.npmjs.org/node/-/node-11.9.0.tgz not in flight; adding
105 verbose addTmpTarball already have metadata; skipping unpack for node@11.9.0
106 silly cache afterAdd stable@0.1.8
107 verbose afterAdd /home/rita/.npm/stable/0.1.8/package/package.json not in flight; writing
108 silly cache afterAdd node@11.9.0
109 verbose afterAdd /home/rita/.npm/node/11.9.0/package/package.json not in flight; writing
110 verbose afterAdd /home/rita/.npm/stable/0.1.8/package/package.json written
111 verbose afterAdd /home/rita/.npm/node/11.9.0/package/package.json written
112 silly fetchNamedPackageData node-bin-setup
113 silly mapToRegistry name node-bin-setup
114 silly mapToRegistry using default registry
115 silly mapToRegistry registry https://registry.npmjs.org/
116 silly mapToRegistry uri https://registry.npmjs.org/node-bin-setup
117 verbose request uri https://registry.npmjs.org/node-bin-setup
118 verbose request no auth needed
119 info attempt registry request try #1 at 4:16:16 PM
120 http request GET https://registry.npmjs.org/node-bin-setup
121 http 200 https://registry.npmjs.org/node-bin-setup
122 verbose headers { date: 'Sun, 03 Feb 2019 14:16:17 GMT',
122 verbose headers   'content-type': 'application/json; charset=UTF-8',
122 verbose headers   'transfer-encoding': 'chunked',
122 verbose headers   connection: 'keep-alive',
122 verbose headers   'set-cookie': [ '__cfduid=d27e863d69d7da017d1febd0ec5d9ee861549203377; expires=Mon, 03-Feb-20 14:16:17 GMT; path=/; domain=.registry.npmjs.org; HttpOnly' ],
122 verbose headers   'cf-cache-status': 'HIT',
122 verbose headers   'cache-control': 'max-age=300',
122 verbose headers   'cf-ray': '4a3583b4fc3a9774-FRA',
122 verbose headers   etag: 'W/"696d6ec470fda56a33885508a280edab"',
122 verbose headers   'expect-ct': 'max-age=604800, report-uri="https://report-uri.cloudflare.com/cdn-cgi/beacon/expect-ct"',
122 verbose headers   'last-modified': 'Sun, 27 May 2018 09:55:03 GMT',
122 verbose headers   vary: 'accept-encoding, accept',
122 verbose headers   server: 'cloudflare',
122 verbose headers   'content-encoding': 'gzip' }
123 silly get cb [ 200,
123 silly get   { date: 'Sun, 03 Feb 2019 14:16:17 GMT',
123 silly get     'content-type': 'application/json; charset=UTF-8',
123 silly get     'transfer-encoding': 'chunked',
123 silly get     connection: 'keep-alive',
123 silly get     'set-cookie': [ '__cfduid=d27e863d69d7da017d1febd0ec5d9ee861549203377; expires=Mon, 03-Feb-20 14:16:17 GMT; path=/; domain=.registry.npmjs.org; HttpOnly' ],
123 silly get     'cf-cache-status': 'HIT',
123 silly get     'cache-control': 'max-age=300',
123 silly get     'cf-ray': '4a3583b4fc3a9774-FRA',
123 silly get     etag: 'W/"696d6ec470fda56a33885508a280edab"',
123 silly get     'expect-ct': 'max-age=604800, report-uri="https://report-uri.cloudflare.com/cdn-cgi/beacon/expect-ct"',
123 silly get     'last-modified': 'Sun, 27 May 2018 09:55:03 GMT',
123 silly get     vary: 'accept-encoding, accept',
123 silly get     server: 'cloudflare',
123 silly get     'content-encoding': 'gzip' } ]
124 verbose get saving node-bin-setup to /home/rita/.npm/registry.npmjs.org/node-bin-setup/.cache.json
125 silly resolveWithNewModule node-bin-setup@1.0.6 checking installable status
126 silly cache add args [ 'node-bin-setup@^1.0.0', null ]
127 verbose cache add spec node-bin-setup@^1.0.0
128 silly cache add parsed spec Result {
128 silly cache add   raw: 'node-bin-setup@^1.0.0',
128 silly cache add   scope: null,
128 silly cache add   name: 'node-bin-setup',
128 silly cache add   rawSpec: '^1.0.0',
128 silly cache add   spec: '>=1.0.0 <2.0.0',
128 silly cache add   type: 'range' }
129 silly addNamed node-bin-setup@>=1.0.0 <2.0.0
130 verbose addNamed ">=1.0.0 <2.0.0" is a valid semver range for node-bin-setup
131 silly addNameRange { name: 'node-bin-setup',
131 silly addNameRange   range: '>=1.0.0 <2.0.0',
131 silly addNameRange   hasData: false }
132 silly mapToRegistry name node-bin-setup
133 silly mapToRegistry using default registry
134 silly mapToRegistry registry https://registry.npmjs.org/
135 silly mapToRegistry uri https://registry.npmjs.org/node-bin-setup
136 verbose addNameRange registry:https://registry.npmjs.org/node-bin-setup not in flight; fetching
137 verbose get https://registry.npmjs.org/node-bin-setup not expired, no request
138 silly addNameRange number 2 { name: 'node-bin-setup',
138 silly addNameRange   range: '>=1.0.0 <2.0.0',
138 silly addNameRange   hasData: true }
139 silly addNameRange versions [ 'node-bin-setup',
139 silly addNameRange   [ '1.0.0', '1.0.1', '1.0.2', '1.0.3', '1.0.4', '1.0.6' ] ]
140 silly addNamed node-bin-setup@1.0.6
141 verbose addNamed "1.0.6" is a plain semver version for node-bin-setup
142 silly mapToRegistry name node-bin-setup
143 silly mapToRegistry using default registry
144 silly mapToRegistry registry https://registry.npmjs.org/
145 silly mapToRegistry uri https://registry.npmjs.org/node-bin-setup
146 verbose addRemoteTarball https://registry.npmjs.org/node-bin-setup/-/node-bin-setup-1.0.6.tgz not in flight; adding
147 verbose addRemoteTarball [ 'https://registry.npmjs.org/node-bin-setup/-/node-bin-setup-1.0.6.tgz',
147 verbose addRemoteTarball   '4b5c9bb937ece702d7069b36ca78af4684677528' ]
148 info retry fetch attempt 1 at 4:16:17 PM
149 info attempt registry request try #1 at 4:16:17 PM
150 http fetch GET https://registry.npmjs.org/node-bin-setup/-/node-bin-setup-1.0.6.tgz
151 http fetch 200 https://registry.npmjs.org/node-bin-setup/-/node-bin-setup-1.0.6.tgz
152 silly fetchAndShaCheck shasum 4b5c9bb937ece702d7069b36ca78af4684677528
153 verbose addTmpTarball /tmp/npm-1575-5ac0e716/registry.npmjs.org/node-bin-setup/-/node-bin-setup-1.0.6.tgz not in flight; adding
154 verbose addTmpTarball already have metadata; skipping unpack for node-bin-setup@1.0.6
155 silly cache afterAdd node-bin-setup@1.0.6
156 verbose afterAdd /home/rita/.npm/node-bin-setup/1.0.6/package/package.json not in flight; writing
157 verbose afterAdd /home/rita/.npm/node-bin-setup/1.0.6/package/package.json written
158 silly loadAllDepsIntoIdealTree Finishing
159 silly idealTree:prePrune checkid@1.0.0
159 silly idealTree:prePrune ├── ansi-regex@3.0.0
159 silly idealTree:prePrune ├── array-flatten@1.1.1
159 silly idealTree:prePrune ├── assert-plus@1.0.0
159 silly idealTree:prePrune ├── bytes@3.0.0
159 silly idealTree:prePrune ├── content-disposition@0.5.2
159 silly idealTree:prePrune ├── content-type@1.0.4
159 silly idealTree:prePrune ├── cookie-signature@1.0.6
159 silly idealTree:prePrune ├── cookie@0.3.1
159 silly idealTree:prePrune ├─┬ json-server@0.14.2
159 silly idealTree:prePrune │ ├── accepts@1.3.5
159 silly idealTree:prePrune │ ├── ajv@6.8.1
159 silly idealTree:prePrune │ ├── ansi-align@2.0.0
159 silly idealTree:prePrune │ ├── ansi-regex@3.0.0
159 silly idealTree:prePrune │ ├── ansi-styles@3.2.1
159 silly idealTree:prePrune │ ├── array-flatten@1.1.1
159 silly idealTree:prePrune │ ├── asn1@0.2.4
159 silly idealTree:prePrune │ ├── assert-plus@1.0.0
159 silly idealTree:prePrune │ ├── asynckit@0.4.0
159 silly idealTree:prePrune │ ├── aws-sign2@0.7.0
159 silly idealTree:prePrune │ ├── aws4@1.8.0
159 silly idealTree:prePrune │ ├── basic-auth@2.0.1
159 silly idealTree:prePrune │ ├── bcrypt-pbkdf@1.0.2
159 silly idealTree:prePrune │ ├── body-parser@1.18.3
159 silly idealTree:prePrune │ ├── boxen@1.3.0
159 silly idealTree:prePrune │ ├── bytes@3.0.0
159 silly idealTree:prePrune │ ├── camelcase@4.1.0
159 silly idealTree:prePrune │ ├── capture-stack-trace@1.0.1
159 silly idealTree:prePrune │ ├── caseless@0.12.0
159 silly idealTree:prePrune │ ├── chalk@2.4.2
159 silly idealTree:prePrune │ ├── ci-info@1.6.0
159 silly idealTree:prePrune │ ├── cli-boxes@1.0.0
159 silly idealTree:prePrune │ ├── cliui@4.1.0
159 silly idealTree:prePrune │ ├── code-point-at@1.1.0
159 silly idealTree:prePrune │ ├── color-convert@1.9.3
159 silly idealTree:prePrune │ ├── color-name@1.1.3
159 silly idealTree:prePrune │ ├── combined-stream@1.0.7
159 silly idealTree:prePrune │ ├── compressible@2.0.15
159 silly idealTree:prePrune │ ├── compression@1.7.3
159 silly idealTree:prePrune │ ├── configstore@3.1.2
159 silly idealTree:prePrune │ ├── connect-pause@0.1.1
159 silly idealTree:prePrune │ ├── content-disposition@0.5.2
159 silly idealTree:prePrune │ ├── content-type@1.0.4
159 silly idealTree:prePrune │ ├── cookie-signature@1.0.6
159 silly idealTree:prePrune │ ├── cookie@0.3.1
159 silly idealTree:prePrune │ ├── core-util-is@1.0.2
159 silly idealTree:prePrune │ ├── cors@2.8.5
159 silly idealTree:prePrune │ ├── create-error-class@3.0.2
159 silly idealTree:prePrune │ ├── cross-spawn@5.1.0
159 silly idealTree:prePrune │ ├── crypto-random-string@1.0.0
159 silly idealTree:prePrune │ ├── dashdash@1.14.1
159 silly idealTree:prePrune │ ├── debug@2.6.9
159 silly idealTree:prePrune │ ├── decamelize@1.2.0
159 silly idealTree:prePrune │ ├── deep-extend@0.6.0
159 silly idealTree:prePrune │ ├── delayed-stream@1.0.0
159 silly idealTree:prePrune │ ├── depd@1.1.2
159 silly idealTree:prePrune │ ├── destroy@1.0.4
159 silly idealTree:prePrune │ ├── dot-prop@4.2.0
159 silly idealTree:prePrune │ ├── duplexer3@0.1.4
159 silly idealTree:prePrune │ ├── ecc-jsbn@0.1.2
159 silly idealTree:prePrune │ ├── ee-first@1.1.1
159 silly idealTree:prePrune │ ├── encodeurl@1.0.2
159 silly idealTree:prePrune │ ├── end-of-stream@1.4.1
159 silly idealTree:prePrune │ ├── errorhandler@1.5.0
159 silly idealTree:prePrune │ ├── escape-html@1.0.3
159 silly idealTree:prePrune │ ├── escape-string-regexp@1.0.5
159 silly idealTree:prePrune │ ├── etag@1.8.1
159 silly idealTree:prePrune │ ├── execa@0.7.0
159 silly idealTree:prePrune │ ├─┬ express-urlrewrite@1.2.0
159 silly idealTree:prePrune │ │ └── path-to-regexp@1.7.0
159 silly idealTree:prePrune │ ├─┬ express@4.16.4
159 silly idealTree:prePrune │ │ └── statuses@1.4.0
159 silly idealTree:prePrune │ ├── extend@3.0.2
159 silly idealTree:prePrune │ ├── extsprintf@1.3.0
159 silly idealTree:prePrune │ ├── fast-deep-equal@2.0.1
159 silly idealTree:prePrune │ ├── fast-json-stable-stringify@2.0.0
159 silly idealTree:prePrune │ ├─┬ finalhandler@1.1.1
159 silly idealTree:prePrune │ │ └── statuses@1.4.0
159 silly idealTree:prePrune │ ├── find-up@3.0.0
159 silly idealTree:prePrune │ ├── forever-agent@0.6.1
159 silly idealTree:prePrune │ ├── form-data@2.3.3
159 silly idealTree:prePrune │ ├── forwarded@0.1.2
159 silly idealTree:prePrune │ ├── fresh@0.5.2
159 silly idealTree:prePrune │ ├── get-caller-file@1.0.3
159 silly idealTree:prePrune │ ├── get-stream@3.0.0
159 silly idealTree:prePrune │ ├── getpass@0.1.7
159 silly idealTree:prePrune │ ├── global-dirs@0.1.1
159 silly idealTree:prePrune │ ├── got@6.7.1
159 silly idealTree:prePrune │ ├── graceful-fs@4.1.15
159 silly idealTree:prePrune │ ├── har-schema@2.0.0
159 silly idealTree:prePrune │ ├── har-validator@5.1.3
159 silly idealTree:prePrune │ ├── has-flag@3.0.0
159 silly idealTree:prePrune │ ├── http-errors@1.6.3
159 silly idealTree:prePrune │ ├── http-signature@1.2.0
159 silly idealTree:prePrune │ ├── iconv-lite@0.4.23
159 silly idealTree:prePrune │ ├── import-lazy@2.1.0
159 silly idealTree:prePrune │ ├── imurmurhash@0.1.4
159 silly idealTree:prePrune │ ├── inherits@2.0.3
159 silly idealTree:prePrune │ ├── ini@1.3.5
159 silly idealTree:prePrune │ ├── invert-kv@2.0.0
159 silly idealTree:prePrune │ ├── ipaddr.js@1.8.0
159 silly idealTree:prePrune │ ├── is-ci@1.2.1
159 silly idealTree:prePrune │ ├── is-fullwidth-code-point@2.0.0
159 silly idealTree:prePrune │ ├── is-installed-globally@0.1.0
159 silly idealTree:prePrune │ ├── is-npm@1.0.0
159 silly idealTree:prePrune │ ├── is-obj@1.0.1
159 silly idealTree:prePrune │ ├── is-path-inside@1.0.1
159 silly idealTree:prePrune │ ├── is-promise@2.1.0
159 silly idealTree:prePrune │ ├── is-redirect@1.0.0
159 silly idealTree:prePrune │ ├── is-retry-allowed@1.1.0
159 silly idealTree:prePrune │ ├── is-stream@1.1.0
159 silly idealTree:prePrune │ ├── is-typedarray@1.0.0
159 silly idealTree:prePrune │ ├── isarray@0.0.1
159 silly idealTree:prePrune │ ├── isexe@2.0.0
159 silly idealTree:prePrune │ ├── isstream@0.1.2
159 silly idealTree:prePrune │ ├── jju@1.4.0
159 silly idealTree:prePrune │ ├── jsbn@0.1.1
159 silly idealTree:prePrune │ ├── json-parse-helpfulerror@1.0.3
159 silly idealTree:prePrune │ ├── json-schema-traverse@0.4.1
159 silly idealTree:prePrune │ ├── json-schema@0.2.3
159 silly idealTree:prePrune │ ├── json-stringify-safe@5.0.1
159 silly idealTree:prePrune │ ├── jsprim@1.4.1
159 silly idealTree:prePrune │ ├── latest-version@3.1.0
159 silly idealTree:prePrune │ ├── lcid@2.0.0
159 silly idealTree:prePrune │ ├── locate-path@3.0.0
159 silly idealTree:prePrune │ ├── lodash-id@0.14.0
159 silly idealTree:prePrune │ ├── lodash@4.17.11
159 silly idealTree:prePrune │ ├── lowdb@1.0.0
159 silly idealTree:prePrune │ ├── lowercase-keys@1.0.1
159 silly idealTree:prePrune │ ├── lru-cache@4.1.5
159 silly idealTree:prePrune │ ├── make-dir@1.3.0
159 silly idealTree:prePrune │ ├── map-age-cleaner@0.1.3
159 silly idealTree:prePrune │ ├── media-typer@0.3.0
159 silly idealTree:prePrune │ ├── mem@4.1.0
159 silly idealTree:prePrune │ ├── merge-descriptors@1.0.1
159 silly idealTree:prePrune │ ├─┬ method-override@3.0.0
159 silly idealTree:prePrune │ │ └── debug@3.1.0
159 silly idealTree:prePrune │ ├── methods@1.1.2
159 silly idealTree:prePrune │ ├── mime-db@1.37.0
159 silly idealTree:prePrune │ ├── mime-types@2.1.21
159 silly idealTree:prePrune │ ├── mime@1.4.1
159 silly idealTree:prePrune │ ├── mimic-fn@1.2.0
159 silly idealTree:prePrune │ ├── minimist@1.2.0
159 silly idealTree:prePrune │ ├── morgan@1.9.1
159 silly idealTree:prePrune │ ├── ms@2.0.0
159 silly idealTree:prePrune │ ├── nanoid@2.0.1
159 silly idealTree:prePrune │ ├── negotiator@0.6.1
159 silly idealTree:prePrune │ ├── nice-try@1.0.5
159 silly idealTree:prePrune │ ├── npm-run-path@2.0.2
159 silly idealTree:prePrune │ ├── number-is-nan@1.0.1
159 silly idealTree:prePrune │ ├── oauth-sign@0.9.0
159 silly idealTree:prePrune │ ├── object-assign@4.1.1
159 silly idealTree:prePrune │ ├── on-finished@2.3.0
159 silly idealTree:prePrune │ ├── on-headers@1.0.1
159 silly idealTree:prePrune │ ├── once@1.4.0
159 silly idealTree:prePrune │ ├─┬ os-locale@3.1.0
159 silly idealTree:prePrune │ │ ├── cross-spawn@6.0.5
159 silly idealTree:prePrune │ │ ├── execa@1.0.0
159 silly idealTree:prePrune │ │ └── get-stream@4.1.0
159 silly idealTree:prePrune │ ├── p-defer@1.0.0
159 silly idealTree:prePrune │ ├── p-finally@1.0.0
159 silly idealTree:prePrune │ ├── p-is-promise@2.0.0
159 silly idealTree:prePrune │ ├── p-limit@2.1.0
159 silly idealTree:prePrune │ ├── p-locate@3.0.0
159 silly idealTree:prePrune │ ├── p-try@2.0.0
159 silly idealTree:prePrune │ ├── package-json@4.0.1
159 silly idealTree:prePrune │ ├── parseurl@1.3.2
159 silly idealTree:prePrune │ ├── path-exists@3.0.0
159 silly idealTree:prePrune │ ├── path-is-inside@1.0.2
159 silly idealTree:prePrune │ ├── path-key@2.0.1
159 silly idealTree:prePrune │ ├── path-to-regexp@0.1.7
159 silly idealTree:prePrune │ ├── performance-now@2.1.0
159 silly idealTree:prePrune │ ├── pify@3.0.0
159 silly idealTree:prePrune │ ├── please-upgrade-node@3.1.1
159 silly idealTree:prePrune │ ├── pluralize@7.0.0
159 silly idealTree:prePrune │ ├── prepend-http@1.0.4
159 silly idealTree:prePrune │ ├── proxy-addr@2.0.4
159 silly idealTree:prePrune │ ├── pseudomap@1.0.2
159 silly idealTree:prePrune │ ├── psl@1.1.31
159 silly idealTree:prePrune │ ├── pump@3.0.0
159 silly idealTree:prePrune │ ├── punycode@2.1.1
159 silly idealTree:prePrune │ ├── qs@6.5.2
159 silly idealTree:prePrune │ ├── range-parser@1.2.0
159 silly idealTree:prePrune │ ├── raw-body@2.3.3
159 silly idealTree:prePrune │ ├── rc@1.2.8
159 silly idealTree:prePrune │ ├── registry-auth-token@3.3.2
159 silly idealTree:prePrune │ ├── registry-url@3.1.0
159 silly idealTree:prePrune │ ├── request@2.88.0
159 silly idealTree:prePrune │ ├── require-directory@2.1.1
159 silly idealTree:prePrune │ ├── require-main-filename@1.0.1
159 silly idealTree:prePrune │ ├── safe-buffer@5.1.2
159 silly idealTree:prePrune │ ├── safer-buffer@2.1.2
159 silly idealTree:prePrune │ ├── semver-compare@1.0.0
159 silly idealTree:prePrune │ ├── semver-diff@2.1.0
159 silly idealTree:prePrune │ ├── semver@5.6.0
159 silly idealTree:prePrune │ ├─┬ send@0.16.2
159 silly idealTree:prePrune │ │ └── statuses@1.4.0
159 silly idealTree:prePrune │ ├── serve-static@1.13.2
159 silly idealTree:prePrune │ ├── server-destroy@1.0.1
159 silly idealTree:prePrune │ ├── set-blocking@2.0.0
159 silly idealTree:prePrune │ ├── setprototypeof@1.1.0
159 silly idealTree:prePrune │ ├── shebang-command@1.2.0
159 silly idealTree:prePrune │ ├── shebang-regex@1.0.0
159 silly idealTree:prePrune │ ├── signal-exit@3.0.2
159 silly idealTree:prePrune │ ├── sshpk@1.16.1
159 silly idealTree:prePrune │ ├── statuses@1.5.0
159 silly idealTree:prePrune │ ├── steno@0.4.4
159 silly idealTree:prePrune │ ├── string-width@2.1.1
159 silly idealTree:prePrune │ ├── strip-ansi@4.0.0
159 silly idealTree:prePrune │ ├── strip-eof@1.0.0
159 silly idealTree:prePrune │ ├── strip-json-comments@2.0.1
159 silly idealTree:prePrune │ ├── supports-color@5.5.0
159 silly idealTree:prePrune │ ├── term-size@1.2.0
159 silly idealTree:prePrune │ ├── timed-out@4.0.1
159 silly idealTree:prePrune │ ├─┬ tough-cookie@2.4.3
159 silly idealTree:prePrune │ │ └── punycode@1.4.1
159 silly idealTree:prePrune │ ├── tunnel-agent@0.6.0
159 silly idealTree:prePrune │ ├── tweetnacl@0.14.5
159 silly idealTree:prePrune │ ├── type-is@1.6.16
159 silly idealTree:prePrune │ ├── unique-string@1.0.0
159 silly idealTree:prePrune │ ├── unpipe@1.0.0
159 silly idealTree:prePrune │ ├── unzip-response@2.0.1
159 silly idealTree:prePrune │ ├── update-notifier@2.5.0
159 silly idealTree:prePrune │ ├── uri-js@4.2.2
159 silly idealTree:prePrune │ ├── url-parse-lax@1.0.0
159 silly idealTree:prePrune │ ├── utils-merge@1.0.1
159 silly idealTree:prePrune │ ├── uuid@3.3.2
159 silly idealTree:prePrune │ ├── vary@1.1.2
159 silly idealTree:prePrune │ ├── verror@1.10.0
159 silly idealTree:prePrune │ ├── which-module@2.0.0
159 silly idealTree:prePrune │ ├── which@1.3.1
159 silly idealTree:prePrune │ ├── widest-line@2.0.1
159 silly idealTree:prePrune │ ├─┬ wrap-ansi@2.1.0
159 silly idealTree:prePrune │ │ ├── ansi-regex@2.1.1
159 silly idealTree:prePrune │ │ ├── is-fullwidth-code-point@1.0.0
159 silly idealTree:prePrune │ │ ├── string-width@1.0.2
159 silly idealTree:prePrune │ │ └── strip-ansi@3.0.1
159 silly idealTree:prePrune │ ├── wrappy@1.0.2
159 silly idealTree:prePrune │ ├── write-file-atomic@2.4.2
159 silly idealTree:prePrune │ ├── xdg-basedir@3.0.0
159 silly idealTree:prePrune │ ├── y18n@4.0.0
159 silly idealTree:prePrune │ ├── yallist@2.1.2
159 silly idealTree:prePrune │ ├─┬ yargs-parser@11.1.1
159 silly idealTree:prePrune │ │ └── camelcase@5.0.0
159 silly idealTree:prePrune │ └── yargs@12.0.5
159 silly idealTree:prePrune ├── node-bin-setup@1.0.6
159 silly idealTree:prePrune ├── node@11.9.0
159 silly idealTree:prePrune └── stable@0.1.8
160 silly loadIdealTree Finishing
161 silly currentTree checkid@1.0.0
161 silly currentTree ├── ansi-regex@3.0.0
161 silly currentTree ├── array-flatten@1.1.1
161 silly currentTree ├── assert-plus@1.0.0
161 silly currentTree ├── bytes@3.0.0
161 silly currentTree ├── content-disposition@0.5.2
161 silly currentTree ├── content-type@1.0.4
161 silly currentTree ├── cookie-signature@1.0.6
161 silly currentTree ├── cookie@0.3.1
161 silly currentTree └─┬ json-server@0.14.2
161 silly currentTree   ├── accepts@1.3.5
161 silly currentTree   ├── ajv@6.8.1
161 silly currentTree   ├── ansi-align@2.0.0
161 silly currentTree   ├── ansi-regex@3.0.0
161 silly currentTree   ├── ansi-styles@3.2.1
161 silly currentTree   ├── array-flatten@1.1.1
161 silly currentTree   ├── asn1@0.2.4
161 silly currentTree   ├── assert-plus@1.0.0
161 silly currentTree   ├── asynckit@0.4.0
161 silly currentTree   ├── aws-sign2@0.7.0
161 silly currentTree   ├── aws4@1.8.0
161 silly currentTree   ├── basic-auth@2.0.1
161 silly currentTree   ├── bcrypt-pbkdf@1.0.2
161 silly currentTree   ├── body-parser@1.18.3
161 silly currentTree   ├── boxen@1.3.0
161 silly currentTree   ├── bytes@3.0.0
161 silly currentTree   ├── camelcase@4.1.0
161 silly currentTree   ├── capture-stack-trace@1.0.1
161 silly currentTree   ├── caseless@0.12.0
161 silly currentTree   ├── chalk@2.4.2
161 silly currentTree   ├── ci-info@1.6.0
161 silly currentTree   ├── cli-boxes@1.0.0
161 silly currentTree   ├── cliui@4.1.0
161 silly currentTree   ├── code-point-at@1.1.0
161 silly currentTree   ├── color-convert@1.9.3
161 silly currentTree   ├── color-name@1.1.3
161 silly currentTree   ├── combined-stream@1.0.7
161 silly currentTree   ├── compressible@2.0.15
161 silly currentTree   ├── compression@1.7.3
161 silly currentTree   ├── configstore@3.1.2
161 silly currentTree   ├── connect-pause@0.1.1
161 silly currentTree   ├── content-disposition@0.5.2
161 silly currentTree   ├── content-type@1.0.4
161 silly currentTree   ├── cookie-signature@1.0.6
161 silly currentTree   ├── cookie@0.3.1
161 silly currentTree   ├── core-util-is@1.0.2
161 silly currentTree   ├── cors@2.8.5
161 silly currentTree   ├── create-error-class@3.0.2
161 silly currentTree   ├── cross-spawn@5.1.0
161 silly currentTree   ├── crypto-random-string@1.0.0
161 silly currentTree   ├── dashdash@1.14.1
161 silly currentTree   ├── debug@2.6.9
161 silly currentTree   ├── decamelize@1.2.0
161 silly currentTree   ├── deep-extend@0.6.0
161 silly currentTree   ├── delayed-stream@1.0.0
161 silly currentTree   ├── depd@1.1.2
161 silly currentTree   ├── destroy@1.0.4
161 silly currentTree   ├── dot-prop@4.2.0
161 silly currentTree   ├── duplexer3@0.1.4
161 silly currentTree   ├── ecc-jsbn@0.1.2
161 silly currentTree   ├── ee-first@1.1.1
161 silly currentTree   ├── encodeurl@1.0.2
161 silly currentTree   ├── end-of-stream@1.4.1
161 silly currentTree   ├── errorhandler@1.5.0
161 silly currentTree   ├── escape-html@1.0.3
161 silly currentTree   ├── escape-string-regexp@1.0.5
161 silly currentTree   ├── etag@1.8.1
161 silly currentTree   ├── execa@0.7.0
161 silly currentTree   ├─┬ express-urlrewrite@1.2.0
161 silly currentTree   │ └── path-to-regexp@1.7.0
161 silly currentTree   ├─┬ express@4.16.4
161 silly currentTree   │ └── statuses@1.4.0
161 silly currentTree   ├── extend@3.0.2
161 silly currentTree   ├── extsprintf@1.3.0
161 silly currentTree   ├── fast-deep-equal@2.0.1
161 silly currentTree   ├── fast-json-stable-stringify@2.0.0
161 silly currentTree   ├─┬ finalhandler@1.1.1
161 silly currentTree   │ └── statuses@1.4.0
161 silly currentTree   ├── find-up@3.0.0
161 silly currentTree   ├── forever-agent@0.6.1
161 silly currentTree   ├── form-data@2.3.3
161 silly currentTree   ├── forwarded@0.1.2
161 silly currentTree   ├── fresh@0.5.2
161 silly currentTree   ├── get-caller-file@1.0.3
161 silly currentTree   ├── get-stream@3.0.0
161 silly currentTree   ├── getpass@0.1.7
161 silly currentTree   ├── global-dirs@0.1.1
161 silly currentTree   ├── got@6.7.1
161 silly currentTree   ├── graceful-fs@4.1.15
161 silly currentTree   ├── har-schema@2.0.0
161 silly currentTree   ├── har-validator@5.1.3
161 silly currentTree   ├── has-flag@3.0.0
161 silly currentTree   ├── http-errors@1.6.3
161 silly currentTree   ├── http-signature@1.2.0
161 silly currentTree   ├── iconv-lite@0.4.23
161 silly currentTree   ├── import-lazy@2.1.0
161 silly currentTree   ├── imurmurhash@0.1.4
161 silly currentTree   ├── inherits@2.0.3
161 silly currentTree   ├── ini@1.3.5
161 silly currentTree   ├── invert-kv@2.0.0
161 silly currentTree   ├── ipaddr.js@1.8.0
161 silly currentTree   ├── is-ci@1.2.1
161 silly currentTree   ├── is-fullwidth-code-point@2.0.0
161 silly currentTree   ├── is-installed-globally@0.1.0
161 silly currentTree   ├── is-npm@1.0.0
161 silly currentTree   ├── is-obj@1.0.1
161 silly currentTree   ├── is-path-inside@1.0.1
161 silly currentTree   ├── is-promise@2.1.0
161 silly currentTree   ├── is-redirect@1.0.0
161 silly currentTree   ├── is-retry-allowed@1.1.0
161 silly currentTree   ├── is-stream@1.1.0
161 silly currentTree   ├── is-typedarray@1.0.0
161 silly currentTree   ├── isarray@0.0.1
161 silly currentTree   ├── isexe@2.0.0
161 silly currentTree   ├── isstream@0.1.2
161 silly currentTree   ├── jju@1.4.0
161 silly currentTree   ├── jsbn@0.1.1
161 silly currentTree   ├── json-parse-helpfulerror@1.0.3
161 silly currentTree   ├── json-schema-traverse@0.4.1
161 silly currentTree   ├── json-schema@0.2.3
161 silly currentTree   ├── json-stringify-safe@5.0.1
161 silly currentTree   ├── jsprim@1.4.1
161 silly currentTree   ├── latest-version@3.1.0
161 silly currentTree   ├── lcid@2.0.0
161 silly currentTree   ├── locate-path@3.0.0
161 silly currentTree   ├── lodash-id@0.14.0
161 silly currentTree   ├── lodash@4.17.11
161 silly currentTree   ├── lowdb@1.0.0
161 silly currentTree   ├── lowercase-keys@1.0.1
161 silly currentTree   ├── lru-cache@4.1.5
161 silly currentTree   ├── make-dir@1.3.0
161 silly currentTree   ├── map-age-cleaner@0.1.3
161 silly currentTree   ├── media-typer@0.3.0
161 silly currentTree   ├── mem@4.1.0
161 silly currentTree   ├── merge-descriptors@1.0.1
161 silly currentTree   ├─┬ method-override@3.0.0
161 silly currentTree   │ └── debug@3.1.0
161 silly currentTree   ├── methods@1.1.2
161 silly currentTree   ├── mime-db@1.37.0
161 silly currentTree   ├── mime-types@2.1.21
161 silly currentTree   ├── mime@1.4.1
161 silly currentTree   ├── mimic-fn@1.2.0
161 silly currentTree   ├── minimist@1.2.0
161 silly currentTree   ├── morgan@1.9.1
161 silly currentTree   ├── ms@2.0.0
161 silly currentTree   ├── nanoid@2.0.1
161 silly currentTree   ├── negotiator@0.6.1
161 silly currentTree   ├── nice-try@1.0.5
161 silly currentTree   ├── npm-run-path@2.0.2
161 silly currentTree   ├── number-is-nan@1.0.1
161 silly currentTree   ├── oauth-sign@0.9.0
161 silly currentTree   ├── object-assign@4.1.1
161 silly currentTree   ├── on-finished@2.3.0
161 silly currentTree   ├── on-headers@1.0.1
161 silly currentTree   ├── once@1.4.0
161 silly currentTree   ├─┬ os-locale@3.1.0
161 silly currentTree   │ ├── cross-spawn@6.0.5
161 silly currentTree   │ ├── execa@1.0.0
161 silly currentTree   │ └── get-stream@4.1.0
161 silly currentTree   ├── p-defer@1.0.0
161 silly currentTree   ├── p-finally@1.0.0
161 silly currentTree   ├── p-is-promise@2.0.0
161 silly currentTree   ├── p-limit@2.1.0
161 silly currentTree   ├── p-locate@3.0.0
161 silly currentTree   ├── p-try@2.0.0
161 silly currentTree   ├── package-json@4.0.1
161 silly currentTree   ├── parseurl@1.3.2
161 silly currentTree   ├── path-exists@3.0.0
161 silly currentTree   ├── path-is-inside@1.0.2
161 silly currentTree   ├── path-key@2.0.1
161 silly currentTree   ├── path-to-regexp@0.1.7
161 silly currentTree   ├── performance-now@2.1.0
161 silly currentTree   ├── pify@3.0.0
161 silly currentTree   ├── please-upgrade-node@3.1.1
161 silly currentTree   ├── pluralize@7.0.0
161 silly currentTree   ├── prepend-http@1.0.4
161 silly currentTree   ├── proxy-addr@2.0.4
161 silly currentTree   ├── pseudomap@1.0.2
161 silly currentTree   ├── psl@1.1.31
161 silly currentTree   ├── pump@3.0.0
161 silly currentTree   ├── punycode@2.1.1
161 silly currentTree   ├── qs@6.5.2
161 silly currentTree   ├── range-parser@1.2.0
161 silly currentTree   ├── raw-body@2.3.3
161 silly currentTree   ├── rc@1.2.8
161 silly currentTree   ├── registry-auth-token@3.3.2
161 silly currentTree   ├── registry-url@3.1.0
161 silly currentTree   ├── request@2.88.0
161 silly currentTree   ├── require-directory@2.1.1
161 silly currentTree   ├── require-main-filename@1.0.1
161 silly currentTree   ├── safe-buffer@5.1.2
161 silly currentTree   ├── safer-buffer@2.1.2
161 silly currentTree   ├── semver-compare@1.0.0
161 silly currentTree   ├── semver-diff@2.1.0
161 silly currentTree   ├── semver@5.6.0
161 silly currentTree   ├─┬ send@0.16.2
161 silly currentTree   │ └── statuses@1.4.0
161 silly currentTree   ├── serve-static@1.13.2
161 silly currentTree   ├── server-destroy@1.0.1
161 silly currentTree   ├── set-blocking@2.0.0
161 silly currentTree   ├── setprototypeof@1.1.0
161 silly currentTree   ├── shebang-command@1.2.0
161 silly currentTree   ├── shebang-regex@1.0.0
161 silly currentTree   ├── signal-exit@3.0.2
161 silly currentTree   ├── sshpk@1.16.1
161 silly currentTree   ├── statuses@1.5.0
161 silly currentTree   ├── steno@0.4.4
161 silly currentTree   ├── string-width@2.1.1
161 silly currentTree   ├── strip-ansi@4.0.0
161 silly currentTree   ├── strip-eof@1.0.0
161 silly currentTree   ├── strip-json-comments@2.0.1
161 silly currentTree   ├── supports-color@5.5.0
161 silly currentTree   ├── term-size@1.2.0
161 silly currentTree   ├── timed-out@4.0.1
161 silly currentTree   ├─┬ tough-cookie@2.4.3
161 silly currentTree   │ └── punycode@1.4.1
161 silly currentTree   ├── tunnel-agent@0.6.0
161 silly currentTree   ├── tweetnacl@0.14.5
161 silly currentTree   ├── type-is@1.6.16
161 silly currentTree   ├── unique-string@1.0.0
161 silly currentTree   ├── unpipe@1.0.0
161 silly currentTree   ├── unzip-response@2.0.1
161 silly currentTree   ├── update-notifier@2.5.0
161 silly currentTree   ├── uri-js@4.2.2
161 silly currentTree   ├── url-parse-lax@1.0.0
161 silly currentTree   ├── utils-merge@1.0.1
161 silly currentTree   ├── uuid@3.3.2
161 silly currentTree   ├── vary@1.1.2
161 silly currentTree   ├── verror@1.10.0
161 silly currentTree   ├── which-module@2.0.0
161 silly currentTree   ├── which@1.3.1
161 silly currentTree   ├── widest-line@2.0.1
161 silly currentTree   ├─┬ wrap-ansi@2.1.0
161 silly currentTree   │ ├── ansi-regex@2.1.1
161 silly currentTree   │ ├── is-fullwidth-code-point@1.0.0
161 silly currentTree   │ ├── string-width@1.0.2
161 silly currentTree   │ └── strip-ansi@3.0.1
161 silly currentTree   ├── wrappy@1.0.2
161 silly currentTree   ├── write-file-atomic@2.4.2
161 silly currentTree   ├── xdg-basedir@3.0.0
161 silly currentTree   ├── y18n@4.0.0
161 silly currentTree   ├── yallist@2.1.2
161 silly currentTree   ├─┬ yargs-parser@11.1.1
161 silly currentTree   │ └── camelcase@5.0.0
161 silly currentTree   └── yargs@12.0.5
162 silly idealTree checkid@1.0.0
162 silly idealTree ├── ansi-regex@3.0.0
162 silly idealTree ├── array-flatten@1.1.1
162 silly idealTree ├── assert-plus@1.0.0
162 silly idealTree ├── bytes@3.0.0
162 silly idealTree ├── content-disposition@0.5.2
162 silly idealTree ├── content-type@1.0.4
162 silly idealTree ├── cookie-signature@1.0.6
162 silly idealTree ├── cookie@0.3.1
162 silly idealTree ├─┬ json-server@0.14.2
162 silly idealTree │ ├── accepts@1.3.5
162 silly idealTree │ ├── ajv@6.8.1
162 silly idealTree │ ├── ansi-align@2.0.0
162 silly idealTree │ ├── ansi-regex@3.0.0
162 silly idealTree │ ├── ansi-styles@3.2.1
162 silly idealTree │ ├── array-flatten@1.1.1
162 silly idealTree │ ├── asn1@0.2.4
162 silly idealTree │ ├── assert-plus@1.0.0
162 silly idealTree │ ├── asynckit@0.4.0
162 silly idealTree │ ├── aws-sign2@0.7.0
162 silly idealTree │ ├── aws4@1.8.0
162 silly idealTree │ ├── basic-auth@2.0.1
162 silly idealTree │ ├── bcrypt-pbkdf@1.0.2
162 silly idealTree │ ├── body-parser@1.18.3
162 silly idealTree │ ├── boxen@1.3.0
162 silly idealTree │ ├── bytes@3.0.0
162 silly idealTree │ ├── camelcase@4.1.0
162 silly idealTree │ ├── capture-stack-trace@1.0.1
162 silly idealTree │ ├── caseless@0.12.0
162 silly idealTree │ ├── chalk@2.4.2
162 silly idealTree │ ├── ci-info@1.6.0
162 silly idealTree │ ├── cli-boxes@1.0.0
162 silly idealTree │ ├── cliui@4.1.0
162 silly idealTree │ ├── code-point-at@1.1.0
162 silly idealTree │ ├── color-convert@1.9.3
162 silly idealTree │ ├── color-name@1.1.3
162 silly idealTree │ ├── combined-stream@1.0.7
162 silly idealTree │ ├── compressible@2.0.15
162 silly idealTree │ ├── compression@1.7.3
162 silly idealTree │ ├── configstore@3.1.2
162 silly idealTree │ ├── connect-pause@0.1.1
162 silly idealTree │ ├── content-disposition@0.5.2
162 silly idealTree │ ├── content-type@1.0.4
162 silly idealTree │ ├── cookie-signature@1.0.6
162 silly idealTree │ ├── cookie@0.3.1
162 silly idealTree │ ├── core-util-is@1.0.2
162 silly idealTree │ ├── cors@2.8.5
162 silly idealTree │ ├── create-error-class@3.0.2
162 silly idealTree │ ├── cross-spawn@5.1.0
162 silly idealTree │ ├── crypto-random-string@1.0.0
162 silly idealTree │ ├── dashdash@1.14.1
162 silly idealTree │ ├── debug@2.6.9
162 silly idealTree │ ├── decamelize@1.2.0
162 silly idealTree │ ├── deep-extend@0.6.0
162 silly idealTree │ ├── delayed-stream@1.0.0
162 silly idealTree │ ├── depd@1.1.2
162 silly idealTree │ ├── destroy@1.0.4
162 silly idealTree │ ├── dot-prop@4.2.0
162 silly idealTree │ ├── duplexer3@0.1.4
162 silly idealTree │ ├── ecc-jsbn@0.1.2
162 silly idealTree │ ├── ee-first@1.1.1
162 silly idealTree │ ├── encodeurl@1.0.2
162 silly idealTree │ ├── end-of-stream@1.4.1
162 silly idealTree │ ├── errorhandler@1.5.0
162 silly idealTree │ ├── escape-html@1.0.3
162 silly idealTree │ ├── escape-string-regexp@1.0.5
162 silly idealTree │ ├── etag@1.8.1
162 silly idealTree │ ├── execa@0.7.0
162 silly idealTree │ ├─┬ express-urlrewrite@1.2.0
162 silly idealTree │ │ └── path-to-regexp@1.7.0
162 silly idealTree │ ├─┬ express@4.16.4
162 silly idealTree │ │ └── statuses@1.4.0
162 silly idealTree │ ├── extend@3.0.2
162 silly idealTree │ ├── extsprintf@1.3.0
162 silly idealTree │ ├── fast-deep-equal@2.0.1
162 silly idealTree │ ├── fast-json-stable-stringify@2.0.0
162 silly idealTree │ ├─┬ finalhandler@1.1.1
162 silly idealTree │ │ └── statuses@1.4.0
162 silly idealTree │ ├── find-up@3.0.0
162 silly idealTree │ ├── forever-agent@0.6.1
162 silly idealTree │ ├── form-data@2.3.3
162 silly idealTree │ ├── forwarded@0.1.2
162 silly idealTree │ ├── fresh@0.5.2
162 silly idealTree │ ├── get-caller-file@1.0.3
162 silly idealTree │ ├── get-stream@3.0.0
162 silly idealTree │ ├── getpass@0.1.7
162 silly idealTree │ ├── global-dirs@0.1.1
162 silly idealTree │ ├── got@6.7.1
162 silly idealTree │ ├── graceful-fs@4.1.15
162 silly idealTree │ ├── har-schema@2.0.0
162 silly idealTree │ ├── har-validator@5.1.3
162 silly idealTree │ ├── has-flag@3.0.0
162 silly idealTree │ ├── http-errors@1.6.3
162 silly idealTree │ ├── http-signature@1.2.0
162 silly idealTree │ ├── iconv-lite@0.4.23
162 silly idealTree │ ├── import-lazy@2.1.0
162 silly idealTree │ ├── imurmurhash@0.1.4
162 silly idealTree │ ├── inherits@2.0.3
162 silly idealTree │ ├── ini@1.3.5
162 silly idealTree │ ├── invert-kv@2.0.0
162 silly idealTree │ ├── ipaddr.js@1.8.0
162 silly idealTree │ ├── is-ci@1.2.1
162 silly idealTree │ ├── is-fullwidth-code-point@2.0.0
162 silly idealTree │ ├── is-installed-globally@0.1.0
162 silly idealTree │ ├── is-npm@1.0.0
162 silly idealTree │ ├── is-obj@1.0.1
162 silly idealTree │ ├── is-path-inside@1.0.1
162 silly idealTree │ ├── is-promise@2.1.0
162 silly idealTree │ ├── is-redirect@1.0.0
162 silly idealTree │ ├── is-retry-allowed@1.1.0
162 silly idealTree │ ├── is-stream@1.1.0
162 silly idealTree │ ├── is-typedarray@1.0.0
162 silly idealTree │ ├── isarray@0.0.1
162 silly idealTree │ ├── isexe@2.0.0
162 silly idealTree │ ├── isstream@0.1.2
162 silly idealTree │ ├── jju@1.4.0
162 silly idealTree │ ├── jsbn@0.1.1
162 silly idealTree │ ├── json-parse-helpfulerror@1.0.3
162 silly idealTree │ ├── json-schema-traverse@0.4.1
162 silly idealTree │ ├── json-schema@0.2.3
162 silly idealTree │ ├── json-stringify-safe@5.0.1
162 silly idealTree │ ├── jsprim@1.4.1
162 silly idealTree │ ├── latest-version@3.1.0
162 silly idealTree │ ├── lcid@2.0.0
162 silly idealTree │ ├── locate-path@3.0.0
162 silly idealTree │ ├── lodash-id@0.14.0
162 silly idealTree │ ├── lodash@4.17.11
162 silly idealTree │ ├── lowdb@1.0.0
162 silly idealTree │ ├── lowercase-keys@1.0.1
162 silly idealTree │ ├── lru-cache@4.1.5
162 silly idealTree │ ├── make-dir@1.3.0
162 silly idealTree │ ├── map-age-cleaner@0.1.3
162 silly idealTree │ ├── media-typer@0.3.0
162 silly idealTree │ ├── mem@4.1.0
162 silly idealTree │ ├── merge-descriptors@1.0.1
162 silly idealTree │ ├─┬ method-override@3.0.0
162 silly idealTree │ │ └── debug@3.1.0
162 silly idealTree │ ├── methods@1.1.2
162 silly idealTree │ ├── mime-db@1.37.0
162 silly idealTree │ ├── mime-types@2.1.21
162 silly idealTree │ ├── mime@1.4.1
162 silly idealTree │ ├── mimic-fn@1.2.0
162 silly idealTree │ ├── minimist@1.2.0
162 silly idealTree │ ├── morgan@1.9.1
162 silly idealTree │ ├── ms@2.0.0
162 silly idealTree │ ├── nanoid@2.0.1
162 silly idealTree │ ├── negotiator@0.6.1
162 silly idealTree │ ├── nice-try@1.0.5
162 silly idealTree │ ├── npm-run-path@2.0.2
162 silly idealTree │ ├── number-is-nan@1.0.1
162 silly idealTree │ ├── oauth-sign@0.9.0
162 silly idealTree │ ├── object-assign@4.1.1
162 silly idealTree │ ├── on-finished@2.3.0
162 silly idealTree │ ├── on-headers@1.0.1
162 silly idealTree │ ├── once@1.4.0
162 silly idealTree │ ├─┬ os-locale@3.1.0
162 silly idealTree │ │ ├── cross-spawn@6.0.5
162 silly idealTree │ │ ├── execa@1.0.0
162 silly idealTree │ │ └── get-stream@4.1.0
162 silly idealTree │ ├── p-defer@1.0.0
162 silly idealTree │ ├── p-finally@1.0.0
162 silly idealTree │ ├── p-is-promise@2.0.0
162 silly idealTree │ ├── p-limit@2.1.0
162 silly idealTree │ ├── p-locate@3.0.0
162 silly idealTree │ ├── p-try@2.0.0
162 silly idealTree │ ├── package-json@4.0.1
162 silly idealTree │ ├── parseurl@1.3.2
162 silly idealTree │ ├── path-exists@3.0.0
162 silly idealTree │ ├── path-is-inside@1.0.2
162 silly idealTree │ ├── path-key@2.0.1
162 silly idealTree │ ├── path-to-regexp@0.1.7
162 silly idealTree │ ├── performance-now@2.1.0
162 silly idealTree │ ├── pify@3.0.0
162 silly idealTree │ ├── please-upgrade-node@3.1.1
162 silly idealTree │ ├── pluralize@7.0.0
162 silly idealTree │ ├── prepend-http@1.0.4
162 silly idealTree │ ├── proxy-addr@2.0.4
162 silly idealTree │ ├── pseudomap@1.0.2
162 silly idealTree │ ├── psl@1.1.31
162 silly idealTree │ ├── pump@3.0.0
162 silly idealTree │ ├── punycode@2.1.1
162 silly idealTree │ ├── qs@6.5.2
162 silly idealTree │ ├── range-parser@1.2.0
162 silly idealTree │ ├── raw-body@2.3.3
162 silly idealTree │ ├── rc@1.2.8
162 silly idealTree │ ├── registry-auth-token@3.3.2
162 silly idealTree │ ├── registry-url@3.1.0
162 silly idealTree │ ├── request@2.88.0
162 silly idealTree │ ├── require-directory@2.1.1
162 silly idealTree │ ├── require-main-filename@1.0.1
162 silly idealTree │ ├── safe-buffer@5.1.2
162 silly idealTree │ ├── safer-buffer@2.1.2
162 silly idealTree │ ├── semver-compare@1.0.0
162 silly idealTree │ ├── semver-diff@2.1.0
162 silly idealTree │ ├── semver@5.6.0
162 silly idealTree │ ├─┬ send@0.16.2
162 silly idealTree │ │ └── statuses@1.4.0
162 silly idealTree │ ├── serve-static@1.13.2
162 silly idealTree │ ├── server-destroy@1.0.1
162 silly idealTree │ ├── set-blocking@2.0.0
162 silly idealTree │ ├── setprototypeof@1.1.0
162 silly idealTree │ ├── shebang-command@1.2.0
162 silly idealTree │ ├── shebang-regex@1.0.0
162 silly idealTree │ ├── signal-exit@3.0.2
162 silly idealTree │ ├── sshpk@1.16.1
162 silly idealTree │ ├── statuses@1.5.0
162 silly idealTree │ ├── steno@0.4.4
162 silly idealTree │ ├── string-width@2.1.1
162 silly idealTree │ ├── strip-ansi@4.0.0
162 silly idealTree │ ├── strip-eof@1.0.0
162 silly idealTree │ ├── strip-json-comments@2.0.1
162 silly idealTree │ ├── supports-color@5.5.0
162 silly idealTree │ ├── term-size@1.2.0
162 silly idealTree │ ├── timed-out@4.0.1
162 silly idealTree │ ├─┬ tough-cookie@2.4.3
162 silly idealTree │ │ └── punycode@1.4.1
162 silly idealTree │ ├── tunnel-agent@0.6.0
162 silly idealTree │ ├── tweetnacl@0.14.5
162 silly idealTree │ ├── type-is@1.6.16
162 silly idealTree │ ├── unique-string@1.0.0
162 silly idealTree │ ├── unpipe@1.0.0
162 silly idealTree │ ├── unzip-response@2.0.1
162 silly idealTree │ ├── update-notifier@2.5.0
162 silly idealTree │ ├── uri-js@4.2.2
162 silly idealTree │ ├── url-parse-lax@1.0.0
162 silly idealTree │ ├── utils-merge@1.0.1
162 silly idealTree │ ├── uuid@3.3.2
162 silly idealTree │ ├── vary@1.1.2
162 silly idealTree │ ├── verror@1.10.0
162 silly idealTree │ ├── which-module@2.0.0
162 silly idealTree │ ├── which@1.3.1
162 silly idealTree │ ├── widest-line@2.0.1
162 silly idealTree │ ├─┬ wrap-ansi@2.1.0
162 silly idealTree │ │ ├── ansi-regex@2.1.1
162 silly idealTree │ │ ├── is-fullwidth-code-point@1.0.0
162 silly idealTree │ │ ├── string-width@1.0.2
162 silly idealTree │ │ └── strip-ansi@3.0.1
162 silly idealTree │ ├── wrappy@1.0.2
162 silly idealTree │ ├── write-file-atomic@2.4.2
162 silly idealTree │ ├── xdg-basedir@3.0.0
162 silly idealTree │ ├── y18n@4.0.0
162 silly idealTree │ ├── yallist@2.1.2
162 silly idealTree │ ├─┬ yargs-parser@11.1.1
162 silly idealTree │ │ └── camelcase@5.0.0
162 silly idealTree │ └── yargs@12.0.5
162 silly idealTree ├── node-bin-setup@1.0.6
162 silly idealTree ├── node@11.9.0
162 silly idealTree └── stable@0.1.8
163 silly generateActionsToTake Starting
164 silly install generateActionsToTake
165 silly generateActionsToTake Finishing
166 silly diffTrees action count 4
167 silly diffTrees add node-bin-setup@1.0.6
168 silly diffTrees update-linked json-server@0.14.2
169 silly diffTrees add node@11.9.0
170 silly diffTrees add stable@0.1.8
171 silly decomposeActions action count 25
172 silly decomposeActions fetch node-bin-setup@1.0.6
173 silly decomposeActions extract node-bin-setup@1.0.6
174 silly decomposeActions test node-bin-setup@1.0.6
175 silly decomposeActions preinstall node-bin-setup@1.0.6
176 silly decomposeActions build node-bin-setup@1.0.6
177 silly decomposeActions install node-bin-setup@1.0.6
178 silly decomposeActions postinstall node-bin-setup@1.0.6
179 silly decomposeActions finalize node-bin-setup@1.0.6
180 silly decomposeActions update-linked json-server@0.14.2
181 silly decomposeActions fetch node@11.9.0
182 silly decomposeActions extract node@11.9.0
183 silly decomposeActions test node@11.9.0
184 silly decomposeActions preinstall node@11.9.0
185 silly decomposeActions build node@11.9.0
186 silly decomposeActions install node@11.9.0
187 silly decomposeActions postinstall node@11.9.0
188 silly decomposeActions finalize node@11.9.0
189 silly decomposeActions fetch stable@0.1.8
190 silly decomposeActions extract stable@0.1.8
191 silly decomposeActions test stable@0.1.8
192 silly decomposeActions preinstall stable@0.1.8
193 silly decomposeActions build stable@0.1.8
194 silly decomposeActions install stable@0.1.8
195 silly decomposeActions postinstall stable@0.1.8
196 silly decomposeActions finalize stable@0.1.8
197 silly executeActions Starting
198 silly install executeActions
199 silly doSerial global-install 0
200 silly doParallel fetch 3
201 verbose lock using /home/rita/.npm/_locks/staging-3b463dab05ae9b6f.lock for /home/rita/work/checkid/node_modules/.staging
202 silly doParallel extract 3
203 silly extract node-bin-setup@1.0.6
204 silly extract node@11.9.0
205 silly extract stable@0.1.8
206 verbose unbuild node_modules/.staging/node-bin-setup-22f43540
207 verbose unbuild node_modules/.staging/stable-3bb75cc5
208 verbose unbuild node_modules/.staging/node-5ea95f33
209 silly gentlyRm /home/rita/work/checkid/node_modules/.staging/node-bin-setup-22f43540 is being purged from base /home/rita/work/checkid
210 verbose gentlyRm don't care about contents; nuking /home/rita/work/checkid/node_modules/.staging/node-bin-setup-22f43540
211 verbose tar unpack /home/rita/.npm/node-bin-setup/1.0.6/package.tgz
212 verbose tar unpacking to /home/rita/work/checkid/node_modules/.staging/node-bin-setup-22f43540
213 silly gentlyRm /home/rita/work/checkid/node_modules/.staging/node-bin-setup-22f43540 is being purged
214 verbose gentlyRm don't care about contents; nuking /home/rita/work/checkid/node_modules/.staging/node-bin-setup-22f43540
215 silly gentlyRm /home/rita/work/checkid/node_modules/.staging/stable-3bb75cc5 is being purged from base /home/rita/work/checkid
216 verbose gentlyRm don't care about contents; nuking /home/rita/work/checkid/node_modules/.staging/stable-3bb75cc5
217 silly gentlyRm /home/rita/work/checkid/node_modules/.staging/node-5ea95f33 is being purged from base /home/rita/work/checkid
218 verbose gentlyRm don't care about contents; nuking /home/rita/work/checkid/node_modules/.staging/node-5ea95f33
219 silly gunzTarPerm modes [ '755', '644' ]
220 verbose tar unpack /home/rita/.npm/stable/0.1.8/package.tgz
221 verbose tar unpacking to /home/rita/work/checkid/node_modules/.staging/stable-3bb75cc5
222 silly gentlyRm /home/rita/work/checkid/node_modules/.staging/stable-3bb75cc5 is being purged
223 verbose gentlyRm don't care about contents; nuking /home/rita/work/checkid/node_modules/.staging/stable-3bb75cc5
224 verbose tar unpack /home/rita/.npm/node/11.9.0/package.tgz
225 verbose tar unpacking to /home/rita/work/checkid/node_modules/.staging/node-5ea95f33
226 silly gentlyRm /home/rita/work/checkid/node_modules/.staging/node-5ea95f33 is being purged
227 verbose gentlyRm don't care about contents; nuking /home/rita/work/checkid/node_modules/.staging/node-5ea95f33
228 silly gunzTarPerm modes [ '755', '644' ]
229 silly gunzTarPerm modes [ '755', '644' ]
230 silly gunzTarPerm extractEntry package.json
231 silly gunzTarPerm extractEntry package.json
232 silly gunzTarPerm extractEntry package.json
233 silly gunzTarPerm extractEntry index.js
234 silly gunzTarPerm extractEntry index.d.ts
235 silly gunzTarPerm extractEntry README.md
236 silly gunzTarPerm extractEntry installArchSpecificPackage.js
237 silly gunzTarPerm extractEntry README.md
238 silly gunzTarPerm extractEntry stable.js
239 silly gunzTarPerm extractEntry stable.min.js
240 silly gentlyRm /home/rita/work/checkid/node_modules/.staging/node-bin-setup-22f43540/node_modules is being purged
241 verbose gentlyRm don't care about contents; nuking /home/rita/work/checkid/node_modules/.staging/node-bin-setup-22f43540/node_modules
242 silly gentlyRm /home/rita/work/checkid/node_modules/.staging/node-5ea95f33/node_modules is being purged
243 verbose gentlyRm don't care about contents; nuking /home/rita/work/checkid/node_modules/.staging/node-5ea95f33/node_modules
244 silly gentlyRm /home/rita/work/checkid/node_modules/.staging/stable-3bb75cc5/node_modules is being purged
245 verbose gentlyRm don't care about contents; nuking /home/rita/work/checkid/node_modules/.staging/stable-3bb75cc5/node_modules
246 silly doParallel preinstall 3
247 silly preinstall node-bin-setup@1.0.6 /home/rita/work/checkid/node_modules/.staging/node-bin-setup-22f43540
248 info lifecycle node-bin-setup@1.0.6~preinstall: node-bin-setup@1.0.6
249 silly preinstall node@11.9.0 /home/rita/work/checkid/node_modules/.staging/node-5ea95f33
250 info lifecycle node@11.9.0~preinstall: node@11.9.0
251 silly preinstall stable@0.1.8 /home/rita/work/checkid/node_modules/.staging/stable-3bb75cc5
252 info lifecycle stable@0.1.8~preinstall: stable@0.1.8
253 silly lifecycle node-bin-setup@1.0.6~preinstall: no script for preinstall, continuing
254 warn lifecycle node@11.9.0~preinstall: cannot run in wd %s %s (wd=%s) node@11.9.0 node installArchSpecificPackage /home/rita/work/checkid/node_modules/.staging/node-5ea95f33
255 silly lifecycle stable@0.1.8~preinstall: no script for preinstall, continuing
256 silly doReverseSerial remove 0
257 silly doSerial move 0
258 silly doSerial finalize 3
259 silly finalize /home/rita/work/checkid/node_modules/node-bin-setup
260 silly finalize /home/rita/work/checkid/node_modules/node
261 silly finalize /home/rita/work/checkid/node_modules/stable
262 silly doSerial build 3
263 silly build node-bin-setup@1.0.6
264 info linkStuff node-bin-setup@1.0.6
265 silly linkStuff node-bin-setup@1.0.6 has /home/rita/work/checkid/node_modules as its parent node_modules
266 verbose linkBins node-bin-setup@1.0.6
267 verbose linkMans node-bin-setup@1.0.6
268 silly build node@11.9.0
269 info linkStuff node@11.9.0
270 silly linkStuff node@11.9.0 has /home/rita/work/checkid/node_modules as its parent node_modules
271 verbose linkBins node@11.9.0
272 verbose link bins [ { node: 'bin/node' },
272 verbose link bins   '/home/rita/work/checkid/node_modules/.bin',
272 verbose link bins   false ]
273 verbose linkMans node@11.9.0
274 verbose unlock done using /home/rita/.npm/_locks/staging-3b463dab05ae9b6f.lock for /home/rita/work/checkid/node_modules/.staging
275 silly rollbackFailedOptional Starting
276 silly rollbackFailedOptional Finishing
277 silly runTopLevelLifecycles Starting
278 silly runTopLevelLifecycles Finishing
279 silly install printInstalled
280 verbose stack Error: ENOENT: no such file or directory, chmod '/home/rita/work/checkid/node_modules/node/bin/node'
280 verbose stack     at Error (native)
281 verbose cwd /home/rita/work/checkid
282 error Linux 4.4.0-17134-Microsoft
283 error argv "/usr/bin/nodejs" "/usr/bin/npm" "install" "node" "stable"
284 error node v4.2.6
285 error npm  v3.5.2
286 error path /home/rita/work/checkid/node_modules/node/bin/node
287 error code ENOENT
288 error errno -2
289 error syscall chmod
290 error enoent ENOENT: no such file or directory, chmod '/home/rita/work/checkid/node_modules/node/bin/node'
291 error enoent ENOENT: no such file or directory, chmod '/home/rita/work/checkid/node_modules/node/bin/node'
291 error enoent This is most likely not a problem with npm itself
291 error enoent and is related to npm not being able to find a file.
292 verbose exit [ -2, true ]
